<?xml version="1.0" encoding="UTF-8"?>
<testng-results ignored="0" total="3" passed="2" failed="1" skipped="0">
  <reporter-output>
  </reporter-output>
  <suite started-at="2025-02-19T13:22:54 IST" name="Default suite" finished-at="2025-02-19T13:23:46 IST" duration-ms="51793">
    <groups>
      <group name="cucumber">
        <method signature="AbstractTestNGCucumberTests.runScenario(io.cucumber.testng.PickleWrapper,io.cucumber.testng.FeatureWrapper)[pri:0, instance:com.learn.automation.TestRunner.TestRunner@16eb3ea3]" name="runScenario" class="io.cucumber.testng.AbstractTestNGCucumberTests"/>
      </group> <!-- cucumber -->
    </groups>
    <test started-at="2025-02-19T13:22:54 IST" name="Default test" finished-at="2025-02-19T13:23:46 IST" duration-ms="51793">
      <class name="com.learn.automation.TestRunner.TestRunner">
        <test-method is-config="true" signature="setUpLoggert()[pri:0, instance:com.learn.automation.TestRunner.TestRunner@16eb3ea3]" started-at="2025-02-19T13:22:54 IST" name="setUpLoggert" finished-at="2025-02-19T13:22:54 IST" duration-ms="167" status="PASS">
          <reporter-output>
          </reporter-output>
        </test-method> <!-- setUpLoggert -->
        <test-method is-config="true" signature="setUpClass(org.testng.ITestContext)[pri:0, instance:com.learn.automation.TestRunner.TestRunner@16eb3ea3]" started-at="2025-02-19T13:22:55 IST" name="setUpClass" finished-at="2025-02-19T13:22:56 IST" duration-ms="1229" status="PASS">
          <params>
            <param index="0">
              <value>
                <![CDATA[org.testng.TestRunner@52ca0ad4]]>
              </value>
            </param>
          </params>
          <reporter-output>
          </reporter-output>
        </test-method> <!-- setUpClass -->
        <test-method signature="runScenario(io.cucumber.testng.PickleWrapper,io.cucumber.testng.FeatureWrapper)[pri:0, instance:com.learn.automation.TestRunner.TestRunner@16eb3ea3]" started-at="2025-02-19T13:22:56 IST" name="runScenario" description="Runs Cucumber Scenarios" data-provider="scenarios" finished-at="2025-02-19T13:23:22 IST" duration-ms="25919" status="PASS">
          <params>
            <param index="0">
              <value>
                <![CDATA["Buying Product"]]>
              </value>
            </param>
            <param index="1">
              <value>
                <![CDATA["Optional[Verify The Checkout Service]"]]>
              </value>
            </param>
          </params>
          <reporter-output>
          </reporter-output>
        </test-method> <!-- runScenario -->
        <test-method signature="runScenario(io.cucumber.testng.PickleWrapper,io.cucumber.testng.FeatureWrapper)[pri:0, instance:com.learn.automation.TestRunner.TestRunner@16eb3ea3]" started-at="2025-02-19T13:23:22 IST" name="runScenario" description="Runs Cucumber Scenarios" data-provider="scenarios" finished-at="2025-02-19T13:23:33 IST" duration-ms="11033" status="PASS">
          <params>
            <param index="0">
              <value>
                <![CDATA["Searching Products"]]>
              </value>
            </param>
            <param index="1">
              <value>
                <![CDATA["Optional[Verify The Serach Product Functionlity]"]]>
              </value>
            </param>
          </params>
          <reporter-output>
          </reporter-output>
        </test-method> <!-- runScenario -->
        <test-method signature="runScenario(io.cucumber.testng.PickleWrapper,io.cucumber.testng.FeatureWrapper)[pri:0, instance:com.learn.automation.TestRunner.TestRunner@16eb3ea3]" started-at="2025-02-19T13:23:33 IST" name="runScenario" description="Runs Cucumber Scenarios" data-provider="scenarios" finished-at="2025-02-19T13:23:44 IST" duration-ms="11346" status="FAIL">
          <params>
            <param index="0">
              <value>
                <![CDATA["Searching Products"]]>
              </value>
            </param>
            <param index="1">
              <value>
                <![CDATA["Optional[Verify The Serach Product Functionlity]"]]>
              </value>
            </param>
          </params>
          <exception class="java.lang.AssertionError">
            <message>
              <![CDATA[expected [No data] but found [Beetroot]]]>
            </message>
            <full-stacktrace>
              <![CDATA[java.lang.AssertionError: expected [No data] but found [Beetroot]
at org.testng.Assert.fail(Assert.java:110)
at org.testng.Assert.failNotEquals(Assert.java:1577)
at org.testng.Assert.assertEqualsImpl(Assert.java:149)
at org.testng.Assert.assertEquals(Assert.java:131)
at org.testng.Assert.assertEquals(Assert.java:655)
at org.testng.Assert.assertEquals(Assert.java:665)
at com.learn.automation.StepDefinition.DealPageStepDefinition.verifyTheProductName(DealPageStepDefinition.java:42)
at ✽.Verify the Product name(file:///C:/Users/prono/OneDrive/Documents/CucumberFrameWork/src/test/java/com/learn/automation/featureFiles/searchProduct.feature:8)
]]>
            </full-stacktrace>
          </exception> <!-- java.lang.AssertionError -->
          <reporter-output>
          </reporter-output>
        </test-method> <!-- runScenario -->
        <test-method is-config="true" signature="tearDownClass()[pri:0, instance:com.learn.automation.TestRunner.TestRunner@16eb3ea3]" started-at="2025-02-19T13:23:44 IST" name="tearDownClass" finished-at="2025-02-19T13:23:46 IST" duration-ms="2151" status="PASS">
          <reporter-output>
          </reporter-output>
        </test-method> <!-- tearDownClass -->
      </class> <!-- com.learn.automation.TestRunner.TestRunner -->
    </test> <!-- Default test -->
  </suite> <!-- Default suite -->
</testng-results>
