<?xml version="1.0" encoding="UTF-8"?>
<!-- Generated by org.testng.reporters.JUnitReportReporter -->
<testsuite hostname="LAPTOP-VB9FJKNE" failures="1" tests="3" name="com.learn.automation.TestRunner.TestRunner" time="34.889" errors="0" timestamp="2025-02-18T13:26:07 IST" skipped="0">
  <testcase classname="com.learn.automation.TestRunner.TestRunner" name="runScenario" time="13.602"/>
  <system-out/>
  <testcase classname="com.learn.automation.TestRunner.TestRunner" name="runScenario" time="10.564"/>
  <system-out/>
  <testcase classname="com.learn.automation.TestRunner.TestRunner" name="runScenario" time="10.723">
    <failure message="expected [No data] but found [Beetroot]" type="java.lang.AssertionError">
      <![CDATA[java.lang.AssertionError: expected [No data] but found [Beetroot]
at org.testng.Assert.fail(Assert.java:110)
at org.testng.Assert.failNotEquals(Assert.java:1577)
at org.testng.Assert.assertEqualsImpl(Assert.java:149)
at org.testng.Assert.assertEquals(Assert.java:131)
at org.testng.Assert.assertEquals(Assert.java:655)
at org.testng.Assert.assertEquals(Assert.java:665)
at com.learn.automation.StepDefinition.DealPageStepDefinition.verifyTheProductName(DealPageStepDefinition.java:42)
at ✽.Verify the Product name(file:///C:/Users/prono/OneDrive/Documents/CucumberFrameWork/src/test/java/com/learn/automation/featureFiles/searchProduct.feature:8)
]]>
    </failure>
  </testcase> <!-- runScenario -->
  <system-out/>
</testsuite> <!-- com.learn.automation.TestRunner.TestRunner -->
